# JRE version: Java(TM) SE Runtime Environment (8.0_60-b27) (build 1.8.0_60-b27)
# Java VM: Java HotSpot(TM) 64-Bit Server VM (25.60-b23 mixed mode linux-amd64 compressed oops)
Heap:
 PSYoungGen      total 261632K, used 124987K [0x000000076ca00000, 0x0000000786600000, 0x00000007c0000000)
  eden space 257024K, 46% used [0x000000076ca00000,0x0000000773fcf4f0,0x000000077c500000)
  from space 4608K, 94% used [0x000000077c500000,0x000000077c93f780,0x000000077c980000)
  to   space 5120K, 0% used [0x0000000786100000,0x0000000786100000,0x0000000786600000)
 ParOldGen       total 172032K, used 3212K [0x00000006c5e00000, 0x00000006d0600000, 0x000000076ca00000)
  object space 172032K, 1% used [0x00000006c5e00000,0x00000006c61233a8,0x00000006d0600000)
 Metaspace       used 18575K, capacity 18788K, committed 19072K, reserved 1067008K
  class space    used 2326K, capacity 2394K, committed 2432K, reserved 1048576K
GC Heap History (10 events):
Event: 2.824 GC heap before
{Heap before GC invocations=5 (full 0):
 PSYoungGen      total 75264K, used 67757K [0x000000076ca00000, 0x0000000771e00000, 0x00000007c0000000)
  eden space 64512K, 100% used [0x000000076ca00000,0x0000000770900000,0x0000000770900000)
  from space 10752K, 30% used [0x0000000771380000,0x00000007716ab7c0,0x0000000771e00000)
  to   space 10752K, 0% used [0x0000000770900000,0x0000000770900000,0x0000000771380000)
 ParOldGen       total 172032K, used 40K [0x00000006c5e00000, 0x00000006d0600000, 0x000000076ca00000)
  object space 172032K, 0% used [0x00000006c5e00000,0x00000006c5e0a000,0x00000006d0600000)
 Metaspace       used 11225K, capacity 11436K, committed 11776K, reserved 1058816K
  class space    used 1329K, capacity 1416K, committed 1536K, reserved 1048576K
Event: 2.829 GC heap after
Heap after GC invocations=5 (full 0):
 PSYoungGen      total 75264K, used 3239K [0x000000076ca00000, 0x0000000775000000, 0x00000007c0000000)
  eden space 64512K, 0% used [0x000000076ca00000,0x000000076ca00000,0x0000000770900000)
  from space 10752K, 30% used [0x0000000770900000,0x0000000770c29c90,0x0000000771380000)
  to   space 4096K, 0% used [0x0000000774c00000,0x0000000774c00000,0x0000000775000000)
 ParOldGen       total 172032K, used 48K [0x00000006c5e00000, 0x00000006d0600000, 0x000000076ca00000)
  object space 172032K, 0% used [0x00000006c5e00000,0x00000006c5e0c000,0x00000006d0600000)
 Metaspace       used 11225K, capacity 11436K, committed 11776K, reserved 1058816K
  class space    used 1329K, capacity 1416K, committed 1536K, reserved 1048576K
}
Event: 2.951 GC heap before
{Heap before GC invocations=6 (full 0):
 PSYoungGen      total 75264K, used 67751K [0x000000076ca00000, 0x0000000775000000, 0x00000007c0000000)
  eden space 64512K, 100% used [0x000000076ca00000,0x0000000770900000,0x0000000770900000)
  from space 10752K, 30% used [0x0000000770900000,0x0000000770c29c90,0x0000000771380000)
  to   space 4096K, 0% used [0x0000000774c00000,0x0000000774c00000,0x0000000775000000)
 ParOldGen       total 172032K, used 48K [0x00000006c5e00000, 0x00000006d0600000, 0x000000076ca00000)
  object space 172032K, 0% used [0x00000006c5e00000,0x00000006c5e0c000,0x00000006d0600000)
 Metaspace       used 11225K, capacity 11436K, committed 11776K, reserved 1058816K
  class space    used 1329K, capacity 1416K, committed 1536K, reserved 1048576K
Event: 2.959 GC heap after
Heap after GC invocations=6 (full 0):
 PSYoungGen      total 132608K, used 3767K [0x000000076ca00000, 0x0000000775100000, 0x00000007c0000000)
  eden space 128512K, 0% used [0x000000076ca00000,0x000000076ca00000,0x0000000774780000)
  from space 4096K, 91% used [0x0000000774c00000,0x0000000774fadc60,0x0000000775000000)
  to   space 4608K, 0% used [0x0000000774780000,0x0000000774780000,0x0000000774c00000)
 ParOldGen       total 172032K, used 48K [0x00000006c5e00000, 0x00000006d0600000, 0x000000076ca00000)
  object space 172032K, 0% used [0x00000006c5e00000,0x00000006c5e0c000,0x00000006d0600000)
 Metaspace       used 11225K, capacity 11436K, committed 11776K, reserved 1058816K
  class space    used 1329K, capacity 1416K, committed 1536K, reserved 1048576K
}
Event: 5.236 GC heap before
{Heap before GC invocations=7 (full 0):
 PSYoungGen      total 132608K, used 132279K [0x000000076ca00000, 0x0000000775100000, 0x00000007c0000000)
  eden space 128512K, 100% used [0x000000076ca00000,0x0000000774780000,0x0000000774780000)
  from space 4096K, 91% used [0x0000000774c00000,0x0000000774fadc60,0x0000000775000000)
  to   space 4608K, 0% used [0x0000000774780000,0x0000000774780000,0x0000000774c00000)
 ParOldGen       total 172032K, used 48K [0x00000006c5e00000, 0x00000006d0600000, 0x000000076ca00000)
  object space 172032K, 0% used [0x00000006c5e00000,0x00000006c5e0c000,0x00000006d0600000)
 Metaspace       used 11235K, capacity 11436K, committed 11776K, reserved 1058816K
  class space    used 1329K, capacity 1416K, committed 1536K, reserved 1048576K
Event: 5.248 GC heap after
Heap after GC invocations=7 (full 0):
 PSYoungGen      total 133120K, used 2916K [0x000000076ca00000, 0x000000077ce00000, 0x00000007c0000000)
  eden space 128512K, 0% used [0x000000076ca00000,0x000000076ca00000,0x0000000774780000)
  from space 4608K, 63% used [0x0000000774780000,0x0000000774a59300,0x0000000774c00000)
  to   space 4608K, 0% used [0x000000077c980000,0x000000077c980000,0x000000077ce00000)
 ParOldGen       total 172032K, used 1628K [0x00000006c5e00000, 0x00000006d0600000, 0x000000076ca00000)
  object space 172032K, 0% used [0x00000006c5e00000,0x00000006c5f973a8,0x00000006d0600000)
 Metaspace       used 11235K, capacity 11436K, committed 11776K, reserved 1058816K
  class space    used 1329K, capacity 1416K, committed 1536K, reserved 1048576K
}
Event: 6.543 GC heap before
{Heap before GC invocations=8 (full 0):
 PSYoungGen      total 133120K, used 131428K [0x000000076ca00000, 0x000000077ce00000, 0x00000007c0000000)
  eden space 128512K, 100% used [0x000000076ca00000,0x0000000774780000,0x0000000774780000)
  from space 4608K, 63% used [0x0000000774780000,0x0000000774a59300,0x0000000774c00000)
  to   space 4608K, 0% used [0x000000077c980000,0x000000077c980000,0x000000077ce00000)
 ParOldGen       total 172032K, used 1628K [0x00000006c5e00000, 0x00000006d0600000, 0x000000076ca00000)
  object space 172032K, 0% used [0x00000006c5e00000,0x00000006c5f973a8,0x00000006d0600000)
 Metaspace       used 11270K, capacity 11500K, committed 11776K, reserved 1058816K
  class space    used 1329K, capacity 1416K, committed 1536K, reserved 1048576K
Event: 6.549 GC heap after
Heap after GC invocations=8 (full 0):
 PSYoungGen      total 261632K, used 3250K [0x000000076ca00000, 0x000000077ce00000, 0x00000007c0000000)
  eden space 257024K, 0% used [0x000000076ca00000,0x000000076ca00000,0x000000077c500000)
  from space 4608K, 70% used [0x000000077c980000,0x000000077ccacb90,0x000000077ce00000)
  to   space 4608K, 0% used [0x000000077c500000,0x000000077c500000,0x000000077c980000)
 ParOldGen       total 172032K, used 2476K [0x00000006c5e00000, 0x00000006d0600000, 0x000000076ca00000)
  object space 172032K, 1% used [0x00000006c5e00000,0x00000006c606b3a8,0x00000006d0600000)
 Metaspace       used 11270K, capacity 11500K, committed 11776K, reserved 1058816K
  class space    used 1329K, capacity 1416K, committed 1536K, reserved 1048576K
}
Event: 10.487 GC heap before
{Heap before GC invocations=9 (full 0):
 PSYoungGen      total 261632K, used 260274K [0x000000076ca00000, 0x000000077ce00000, 0x00000007c0000000)
  eden space 257024K, 100% used [0x000000076ca00000,0x000000077c500000,0x000000077c500000)
  from space 4608K, 70% used [0x000000077c980000,0x000000077ccacb90,0x000000077ce00000)
  to   space 4608K, 0% used [0x000000077c500000,0x000000077c500000,0x000000077c980000)
 ParOldGen       total 172032K, used 2476K [0x00000006c5e00000, 0x00000006d0600000, 0x000000076ca00000)
  object space 172032K, 1% used [0x00000006c5e00000,0x00000006c606b3a8,0x00000006d0600000)
 Metaspace       used 11307K, capacity 11506K, committed 11776K, reserved 1058816K
  class space    used 1331K, capacity 1417K, committed 1536K, reserved 1048576K
Event: 10.495 GC heap after
Heap after GC invocations=9 (full 0):
 PSYoungGen      total 261632K, used 4349K [0x000000076ca00000, 0x0000000786600000, 0x00000007c0000000)
  eden space 257024K, 0% used [0x000000076ca00000,0x000000076ca00000,0x000000077c500000)
  from space 4608K, 94% used [0x000000077c500000,0x000000077c93f780,0x000000077c980000)
  to   space 5120K, 0% used [0x0000000786100000,0x0000000786100000,0x0000000786600000)
 ParOldGen       total 172032K, used 3212K [0x00000006c5e00000, 0x00000006d0600000, 0x000000076ca00000)
  object space 172032K, 1% used [0x00000006c5e00000,0x00000006c61233a8,0x00000006d0600000)
 Metaspace       used 11307K, capacity 11506K, committed 11776K, reserved 1058816K
  class space    used 1331K, capacity 1417K, committed 1536K, reserved 1048576K
}

